Build started 5/4/2014 17:10:54.
     1>Project "F:\Dropbox\University\CS3201\pr\PowerRangerMain\EmptyGeneralTesting\QueryEvaluator\QueryEvaluator.vcxproj" on node 2 (rebuild target(s)).
     1>_PrepareForClean:
         Deleting file "Release\QueryEvaluator.lastbuildstate".
       InitializeBuildStatus:
         Touching "Release\QueryEvaluator.unsuccessfulbuild".
       ClCompile:
         c:\Program Files (x86)\Microsoft Visual Studio 10.0\VC\bin\CL.exe /c /IF:\Dropbox\University\CS3201\pr\PowerRangerMain\EmptyGeneralTesting\PKB /IF:\Dropbox\University\CS3201\pr\PowerRangerMain\EmptyGeneralTesting\QueryProcessor /Zi /nologo /W3 /WX- /O2 /Oi /Oy- /GL /D _MBCS /Gm- /EHsc /MT /GS /Gy /fp:precise /Zc:wchar_t /Zc:forScope /Fo"Release\\" /Fd"Release\vc100.pdb" /Gd /TP /analyze- /errorReport:prompt QueryEvaluator.cpp
         QueryEvaluator.cpp
     1>QueryEvaluator.cpp(77): error C2660: 'QueryEvaluator::evaluateFollowsStarBoolean' : function does not take 1 arguments
     1>Done Building Project "F:\Dropbox\University\CS3201\pr\PowerRangerMain\EmptyGeneralTesting\QueryEvaluator\QueryEvaluator.vcxproj" (rebuild target(s)) -- FAILED.

Build FAILED.

Time Elapsed 00:00:00.44
