Build started 24/3/2014 10:58:04 AM.
     1>Project "C:\Users\Sony\Dropbox\NUS\~Year 2 Sem 2\CS3201 Software Engineering Project I\cs3201_cloudforge\PowerRangerMain\EmptyGeneralTesting\AutoTester\AutoTester.vcxproj" on node 2 (build target(s)).
     1>InitializeBuildStatus:
         Touching "Debug\AutoTester.unsuccessfulbuild".
       ClCompile:
         c:\Program Files (x86)\Microsoft Visual Studio 10.0\VC\bin\CL.exe /c /I..\SPA /ZI /nologo /W3 /WX- /Od /Oy- /D WIN32 /D _DEBUG /D _CONSOLE /D _UNICODE /D UNICODE /Gm /EHsc /RTC1 /MTd /GS /fp:precise /Zc:wchar_t /Zc:forScope /Fo"Debug\\" /Fd"Debug\vc100.pdb" /Gd /TP /analyze- /errorReport:prompt source\TestWrapper.cpp
         TestWrapper.cpp
     1>c:\users\sony\dropbox\nus\~year 2 sem 2\cs3201 software engineering project i\cs3201_cloudforge\powerrangermain\emptygeneraltesting\autotester\source\testwrapper.cpp(14): warning C4356: 'AbstractWrapper::GlobalStop' : static data member cannot be initialized via derived class
     1>c:\users\sony\dropbox\nus\~year 2 sem 2\cs3201 software engineering project i\cs3201_cloudforge\powerrangermain\emptygeneraltesting\autotester\source\testwrapper.cpp(28): error C3861: 'parseCode': identifier not found
     1>Done Building Project "C:\Users\Sony\Dropbox\NUS\~Year 2 Sem 2\CS3201 Software Engineering Project I\cs3201_cloudforge\PowerRangerMain\EmptyGeneralTesting\AutoTester\AutoTester.vcxproj" (build target(s)) -- FAILED.

Build FAILED.

Time Elapsed 00:00:00.86
