Build started 5/4/2014 11:53:01 AM.
     1>Project "C:\SPA\PowerRangerMain\EmptyGeneralTesting\IntegrationTesting\IntegrationTesting.vcxproj" on node 2 (build target(s)).
     1>InitializeBuildStatus:
         Touching "Debug\IntegrationTesting.unsuccessfulbuild".
       ClCompile:
         C:\Program Files (x86)\Microsoft Visual Studio 10.0\VC\bin\CL.exe /c /IC:\SPA\PowerRangerMain\EmptyGeneralTesting\source /IC:\SPA\PowerRangerMain\EmptyGeneralTesting\include /IC:\SPA\PowerRangerMain\EmptyGeneralTesting\PKB /ZI /nologo /W3 /WX- /Od /Oy- /D _MBCS /Gm /EHsc /RTC1 /MTd /GS /fp:precise /Zc:wchar_t /Zc:forScope /Fo"Debug\\" /Fd"Debug\vc100.pdb" /Gd /TP /analyze- /errorReport:prompt source\IntegrationTest.cpp source\TestIntegrate.cpp
         TestIntegrate.cpp
     1>c:\spa\powerrangermain\emptygeneraltesting\integrationtesting\source\testintegrate.cpp(2): fatal error C1083: Cannot open include file: 'Node.h': No such file or directory
         IntegrationTest.cpp
     1>c:\spa\powerrangermain\emptygeneraltesting\integrationtesting\source\integrationtest.cpp(4): fatal error C1083: Cannot open include file: 'CodeParser.h': No such file or directory
         Generating Code...
     1>Done Building Project "C:\SPA\PowerRangerMain\EmptyGeneralTesting\IntegrationTesting\IntegrationTesting.vcxproj" (build target(s)) -- FAILED.

Build FAILED.

Time Elapsed 00:00:01.62
