Build started 2/4/2014 20:14:06.
     1>Project "F:\Dropbox\University\CS3201\pr\PowerRangerMain\EmptyGeneralTesting\QueryEvaluatorTest\QueryEvaluatorTest.vcxproj" on node 5 (build target(s)).
     1>InitializeBuildStatus:
         Touching "Release\QueryEvaluatorTest.unsuccessfulbuild".
       ClCompile:
         c:\Program Files (x86)\Microsoft Visual Studio 10.0\VC\bin\CL.exe /c /IF:\Dropbox\University\CS3201\pr\PowerRangerMain\EmptyGeneralTesting\source /IF:\Dropbox\University\CS3201\pr\PowerRangerMain\EmptyGeneralTesting\include /IF:\Dropbox\University\CS3201\pr\PowerRangerMain\EmptyGeneralTesting\Table /IF:\Dropbox\University\CS3201\pr\PowerRangerMain\EmptyGeneralTesting\Parent /IF:\Dropbox\University\CS3201\pr\PowerRangerMain\EmptyGeneralTesting\QueryEvaluator /IF:\Dropbox\University\CS3201\pr\PowerRangerMain\EmptyGeneralTesting\SPA /Zi /nologo /W3 /WX- /O2 /Oi /Oy- /GL /D WIN32 /D NDEBUG /D _CONSOLE /D _UNICODE /D UNICODE /Gm- /EHsc /MT /GS /Gy /fp:precise /Zc:wchar_t /Zc:forScope /Fo"Release\\" /Fd"Release\vc100.pdb" /Gd /TP /analyze- /errorReport:prompt QueryEvaluatorTest.cpp
         QueryEvaluatorTest.cpp
     1>F:\Dropbox\University\CS3201\pr\PowerRangerMain\EmptyGeneralTesting\SPA\QueryEvaluator.h(9): fatal error C1083: Cannot open include file: 'Follows.h': No such file or directory
     1>Done Building Project "F:\Dropbox\University\CS3201\pr\PowerRangerMain\EmptyGeneralTesting\QueryEvaluatorTest\QueryEvaluatorTest.vcxproj" (build target(s)) -- FAILED.

Build FAILED.

Time Elapsed 00:00:01.52
